Build started 4/14/2017 10:25:31 PM.
     1>Project "C:\Users\Kenneth\Documents\Visual Studio 2013\Projects\Game Programming\hw05(SATcollision)\NYUCodebase\NYUCodebase.vcxproj" on node 2 (Build target(s)).
     1>ClCompile:
         C:\Program Files (x86)\Microsoft Visual Studio 12.0\VC\bin\CL.exe /c /IC:\SDL2\include /IC:\SDL2_image\include /IC:\glew\include /IC:\SDL2_mixer\include /ZI /nologo /W3 /WX- /sdl /Od /Oy- /D _WINDOWS /D _MBCS /D _MBCS /Gm /EHsc /RTC1 /MDd /GS /fp:precise /Zc:wchar_t /Zc:forScope /Fo"Debug\\" /Fd"Debug\vc120.pdb" /Gd /TP /analyze- /errorReport:prompt main.cpp
         main.cpp
     1>c:\users\kenneth\documents\visual studio 2013\projects\game programming\hw05(satcollision)\nyucodebase\main.cpp(130): warning C4018: '<' : signed/unsigned mismatch
     1>c:\users\kenneth\documents\visual studio 2013\projects\game programming\hw05(satcollision)\nyucodebase\main.cpp(133): warning C4018: '<' : signed/unsigned mismatch
     1>c:\users\kenneth\documents\visual studio 2013\projects\game programming\hw05(satcollision)\nyucodebase\main.cpp(147): warning C4244: 'initializing' : conversion from 'double' to 'float', possible loss of data
     1>c:\users\kenneth\documents\visual studio 2013\projects\game programming\hw05(satcollision)\nyucodebase\main.cpp(148): warning C4244: 'initializing' : conversion from 'double' to 'float', possible loss of data
     1>c:\users\kenneth\documents\visual studio 2013\projects\game programming\hw05(satcollision)\nyucodebase\main.cpp(150): warning C4244: 'initializing' : conversion from 'double' to 'float', possible loss of data
     1>c:\users\kenneth\documents\visual studio 2013\projects\game programming\hw05(satcollision)\nyucodebase\main.cpp(176): warning C4018: '<' : signed/unsigned mismatch
     1>c:\users\kenneth\documents\visual studio 2013\projects\game programming\hw05(satcollision)\nyucodebase\main.cpp(194): warning C4018: '<' : signed/unsigned mismatch
     1>c:\users\kenneth\documents\visual studio 2013\projects\game programming\hw05(satcollision)\nyucodebase\main.cpp(218): warning C4018: '<' : signed/unsigned mismatch
     1>c:\users\kenneth\documents\visual studio 2013\projects\game programming\hw05(satcollision)\nyucodebase\main.cpp(226): warning C4018: '<' : signed/unsigned mismatch
     1>c:\users\kenneth\documents\visual studio 2013\projects\game programming\hw05(satcollision)\nyucodebase\main.cpp(263): warning C4305: 'argument' : truncation from 'double' to 'float'
     1>c:\users\kenneth\documents\visual studio 2013\projects\game programming\hw05(satcollision)\nyucodebase\main.cpp(264): warning C4305: 'argument' : truncation from 'double' to 'float'
     1>c:\users\kenneth\documents\visual studio 2013\projects\game programming\hw05(satcollision)\nyucodebase\main.cpp(265): warning C4305: 'argument' : truncation from 'double' to 'float'
     1>c:\users\kenneth\documents\visual studio 2013\projects\game programming\hw05(satcollision)\nyucodebase\main.cpp(266): warning C4305: 'argument' : truncation from 'double' to 'float'
     1>c:\users\kenneth\documents\visual studio 2013\projects\game programming\hw05(satcollision)\nyucodebase\main.cpp(267): warning C4305: 'argument' : truncation from 'double' to 'float'
     1>c:\users\kenneth\documents\visual studio 2013\projects\game programming\hw05(satcollision)\nyucodebase\main.cpp(268): warning C4305: 'argument' : truncation from 'double' to 'float'
     1>c:\users\kenneth\documents\visual studio 2013\projects\game programming\hw05(satcollision)\nyucodebase\main.cpp(302): warning C4018: '<' : signed/unsigned mismatch
       Link:
         C:\Program Files (x86)\Microsoft Visual Studio 12.0\VC\bin\link.exe /ERRORREPORT:PROMPT /OUT:"C:\Users\Kenneth\Documents\Visual Studio 2013\Projects\Game Programming\hw05(SATcollision)\Debug\NYUCodebase.exe" /INCREMENTAL /NOLOGO /LIBPATH:C:\SDL2_mixer\lib\x86 /LIBPATH:C:\SDL2\lib\x86 /LIBPATH:C:\SDL2_image\lib\x86 /LIBPATH:C:\glew\lib\Release\Win32 SDL2.lib SDL2_mixer.lib glew32.lib SDL2main.lib SDL2_image.lib OpenGL32.lib /MANIFEST /MANIFESTUAC:"level='asInvoker' uiAccess='false'" /manifest:embed /DEBUG /PDB:"C:\Users\Kenneth\Documents\Visual Studio 2013\Projects\Game Programming\hw05(SATcollision)\Debug\NYUCodebase.pdb" /SUBSYSTEM:WINDOWS /TLBID:1 /DYNAMICBASE /NXCOMPAT /IMPLIB:"C:\Users\Kenneth\Documents\Visual Studio 2013\Projects\Game Programming\hw05(SATcollision)\Debug\NYUCodebase.lib" /MACHINE:X86 Debug\main.obj
         Debug\Matrix.obj
         Debug\ShaderProgram.obj
         NYUCodebase.vcxproj -> C:\Users\Kenneth\Documents\Visual Studio 2013\Projects\Game Programming\hw05(SATcollision)\Debug\NYUCodebase.exe
     1>Done Building Project "C:\Users\Kenneth\Documents\Visual Studio 2013\Projects\Game Programming\hw05(SATcollision)\NYUCodebase\NYUCodebase.vcxproj" (Build target(s)).

Build succeeded.

Time Elapsed 00:00:02.95
